<?xml version="1.0" encoding="UTF-8"?>
<testsuite xmlns:xsi="http://www.w3.org/2001/XMLSchema-instance" xsi:noNamespaceSchemaLocation="https://maven.apache.org/surefire/maven-surefire-plugin/xsd/surefire-test-report.xsd" name="logic.AccountLogicTest" time="12.731" tests="2" errors="0" skipped="0" failures="0">
  <properties>
[...]
</properties>
  <testcase name="testGetAll" classname="logic.AccountLogicTest" time="0.516"/>
  <testcase name="testGetWithId" classname="logic.AccountLogicTest" time="0.11"/>
</testsuite>