<?xml version="1.0" encoding="UTF-8"?>
<testsuite xmlns:xsi="http://www.w3.org/2001/XMLSchema-instance" xsi:noNamespaceSchemaLocation="https://maven.apache.org/surefire/maven-surefire-plugin/xsd/surefire-test-report.xsd" name="logic.CategoryLogicTest" time="0.625" tests="9" errors="0" skipped="0" failures="0">
  <properties>
[...]
</properties>
  <testcase name="testCreateEntity" classname="logic.CategoryLogicTest" time="0"/>
  <testcase name="testExtractDataAsList" classname="logic.CategoryLogicTest" time="0"/>
  <testcase name="testGetAll" classname="logic.CategoryLogicTest" time="0.125"/>
  <testcase name="testGetColumnCodes" classname="logic.CategoryLogicTest" time="0.391"/>
  <testcase name="testGetColumnNames" classname="logic.CategoryLogicTest" time="0.016"/>
  <testcase name="testGetWithId" classname="logic.CategoryLogicTest" time="0"/>
  <testcase name="testGetWithUrl" classname="logic.CategoryLogicTest" time="0"/>
  <testcase name="testSearch" classname="logic.CategoryLogicTest" time="0.031"/>
  <testcase name="testGetWithTitle" classname="logic.CategoryLogicTest" time="0.062"/>
</testsuite>